---- Tue Aug  5 09:25:20 PM UTC 2025 ----
From github.com:Zlodim89/DRP_repo
 * branch            master     -> FETCH_HEAD
Already up to date.
---- Tue Aug  5 09:30:01 PM UTC 2025 ----
From github.com:Zlodim89/DRP_repo
 * branch            master     -> FETCH_HEAD
Already up to date.
---- Tue Aug  5 09:35:01 PM UTC 2025 ----
From github.com:Zlodim89/DRP_repo
 * branch            master     -> FETCH_HEAD
Already up to date.
---- Tue Aug  5 09:40:01 PM UTC 2025 ----
From github.com:Zlodim89/DRP_repo
 * branch            master     -> FETCH_HEAD
Already up to date.
---- Tue Aug  5 09:45:01 PM UTC 2025 ----
From github.com:Zlodim89/DRP_repo
 * branch            master     -> FETCH_HEAD
Already up to date.
---- Wed Aug  6 08:15:01 AM UTC 2025 ----
From github.com:Zlodim89/DRP_repo
 * branch            master     -> FETCH_HEAD
Already up to date.
---- Wed Aug  6 08:20:01 AM UTC 2025 ----
From github.com:Zlodim89/DRP_repo
 * branch            master     -> FETCH_HEAD
Already up to date.
---- Wed Aug  6 08:25:01 AM UTC 2025 ----
From github.com:Zlodim89/DRP_repo
 * branch            master     -> FETCH_HEAD
Already up to date.
---- Wed Aug  6 08:30:01 AM UTC 2025 ----
From github.com:Zlodim89/DRP_repo
 * branch            master     -> FETCH_HEAD
Already up to date.
---- Wed Aug  6 08:35:01 AM UTC 2025 ----
From github.com:Zlodim89/DRP_repo
 * branch            master     -> FETCH_HEAD
Already up to date.
---- Wed Aug  6 08:40:01 AM UTC 2025 ----
From github.com:Zlodim89/DRP_repo
 * branch            master     -> FETCH_HEAD
Already up to date.
---- Wed Aug  6 08:45:01 AM UTC 2025 ----
From github.com:Zlodim89/DRP_repo
 * branch            master     -> FETCH_HEAD
Already up to date.
---- Wed Aug  6 08:50:01 AM UTC 2025 ----
From github.com:Zlodim89/DRP_repo
 * branch            master     -> FETCH_HEAD
Already up to date.
---- Wed Aug  6 08:55:01 AM UTC 2025 ----
From github.com:Zlodim89/DRP_repo
 * branch            master     -> FETCH_HEAD
Already up to date.
---- Wed Aug  6 09:00:01 AM UTC 2025 ----
From github.com:Zlodim89/DRP_repo
 * branch            master     -> FETCH_HEAD
Already up to date.
---- Wed Aug  6 09:05:01 AM UTC 2025 ----
From github.com:Zlodim89/DRP_repo
 * branch            master     -> FETCH_HEAD
Already up to date.
---- Wed Aug  6 09:10:01 AM UTC 2025 ----
From github.com:Zlodim89/DRP_repo
 * branch            master     -> FETCH_HEAD
Already up to date.
---- Wed Aug  6 09:15:01 AM UTC 2025 ----
From github.com:Zlodim89/DRP_repo
 * branch            master     -> FETCH_HEAD
Already up to date.
---- Wed Aug  6 09:20:01 AM UTC 2025 ----
From github.com:Zlodim89/DRP_repo
 * branch            master     -> FETCH_HEAD
Already up to date.
---- Wed Aug  6 09:25:01 AM UTC 2025 ----
From github.com:Zlodim89/DRP_repo
 * branch            master     -> FETCH_HEAD
Already up to date.
---- Wed Aug  6 09:30:01 AM UTC 2025 ----
From github.com:Zlodim89/DRP_repo
 * branch            master     -> FETCH_HEAD
Already up to date.
---- Wed Aug  6 09:35:01 AM UTC 2025 ----
From github.com:Zlodim89/DRP_repo
 * branch            master     -> FETCH_HEAD
Already up to date.
---- Wed Aug  6 09:40:01 AM UTC 2025 ----
From github.com:Zlodim89/DRP_repo
 * branch            master     -> FETCH_HEAD
Already up to date.
---- Wed Aug  6 09:45:01 AM UTC 2025 ----
From github.com:Zlodim89/DRP_repo
 * branch            master     -> FETCH_HEAD
Already up to date.
---- Wed Aug  6 09:50:01 AM UTC 2025 ----
From github.com:Zlodim89/DRP_repo
 * branch            master     -> FETCH_HEAD
Already up to date.
---- Wed Aug  6 09:55:01 AM UTC 2025 ----
From github.com:Zlodim89/DRP_repo
 * branch            master     -> FETCH_HEAD
Already up to date.
---- Wed Aug  6 10:00:01 AM UTC 2025 ----
From github.com:Zlodim89/DRP_repo
 * branch            master     -> FETCH_HEAD
Already up to date.
---- Wed Aug  6 10:05:01 AM UTC 2025 ----
From github.com:Zlodim89/DRP_repo
 * branch            master     -> FETCH_HEAD
Already up to date.
---- Wed Aug  6 10:10:01 AM UTC 2025 ----
From github.com:Zlodim89/DRP_repo
 * branch            master     -> FETCH_HEAD
Already up to date.
---- Wed Aug  6 10:15:01 AM UTC 2025 ----
From github.com:Zlodim89/DRP_repo
 * branch            master     -> FETCH_HEAD
Already up to date.
---- Wed Aug  6 10:20:01 AM UTC 2025 ----
From github.com:Zlodim89/DRP_repo
 * branch            master     -> FETCH_HEAD
Already up to date.
---- Wed Aug  6 10:25:01 AM UTC 2025 ----
From github.com:Zlodim89/DRP_repo
 * branch            master     -> FETCH_HEAD
Already up to date.
---- Wed Aug  6 10:30:01 AM UTC 2025 ----
From github.com:Zlodim89/DRP_repo
 * branch            master     -> FETCH_HEAD
Already up to date.
---- Wed Aug  6 10:35:01 AM UTC 2025 ----
From github.com:Zlodim89/DRP_repo
 * branch            master     -> FETCH_HEAD
Already up to date.
---- Wed Aug  6 10:40:01 AM UTC 2025 ----
From github.com:Zlodim89/DRP_repo
 * branch            master     -> FETCH_HEAD
Already up to date.
---- Wed Aug  6 10:45:01 AM UTC 2025 ----
From github.com:Zlodim89/DRP_repo
 * branch            master     -> FETCH_HEAD
Already up to date.
---- Wed Aug  6 10:50:01 AM UTC 2025 ----
From github.com:Zlodim89/DRP_repo
 * branch            master     -> FETCH_HEAD
Already up to date.
---- Wed Aug  6 10:55:01 AM UTC 2025 ----
From github.com:Zlodim89/DRP_repo
 * branch            master     -> FETCH_HEAD
Already up to date.
---- Wed Aug  6 11:00:01 AM UTC 2025 ----
From github.com:Zlodim89/DRP_repo
 * branch            master     -> FETCH_HEAD
Already up to date.
---- Wed Aug  6 11:05:01 AM UTC 2025 ----
From github.com:Zlodim89/DRP_repo
 * branch            master     -> FETCH_HEAD
Already up to date.
---- Wed Aug  6 11:10:01 AM UTC 2025 ----
From github.com:Zlodim89/DRP_repo
 * branch            master     -> FETCH_HEAD
Already up to date.
---- Wed Aug  6 11:15:01 AM UTC 2025 ----
From github.com:Zlodim89/DRP_repo
 * branch            master     -> FETCH_HEAD
Already up to date.
---- Wed Aug  6 11:20:01 AM UTC 2025 ----
From github.com:Zlodim89/DRP_repo
 * branch            master     -> FETCH_HEAD
Already up to date.
---- Wed Aug  6 11:25:01 AM UTC 2025 ----
From github.com:Zlodim89/DRP_repo
 * branch            master     -> FETCH_HEAD
Already up to date.
---- Wed Aug  6 11:30:01 AM UTC 2025 ----
From github.com:Zlodim89/DRP_repo
 * branch            master     -> FETCH_HEAD
Already up to date.
---- Wed Aug  6 11:35:01 AM UTC 2025 ----
From github.com:Zlodim89/DRP_repo
 * branch            master     -> FETCH_HEAD
Already up to date.
---- Wed Aug  6 11:40:01 AM UTC 2025 ----
From github.com:Zlodim89/DRP_repo
 * branch            master     -> FETCH_HEAD
Already up to date.
---- Wed Aug  6 11:45:01 AM UTC 2025 ----
From github.com:Zlodim89/DRP_repo
 * branch            master     -> FETCH_HEAD
Already up to date.
---- Wed Aug  6 11:50:01 AM UTC 2025 ----
From github.com:Zlodim89/DRP_repo
 * branch            master     -> FETCH_HEAD
Already up to date.
---- Wed Aug  6 11:55:01 AM UTC 2025 ----
From github.com:Zlodim89/DRP_repo
 * branch            master     -> FETCH_HEAD
Already up to date.
---- Wed Aug  6 12:00:01 PM UTC 2025 ----
From github.com:Zlodim89/DRP_repo
 * branch            master     -> FETCH_HEAD
Already up to date.
---- Wed Aug  6 12:05:01 PM UTC 2025 ----
From github.com:Zlodim89/DRP_repo
 * branch            master     -> FETCH_HEAD
Already up to date.
---- Wed Aug  6 12:10:01 PM UTC 2025 ----
From github.com:Zlodim89/DRP_repo
 * branch            master     -> FETCH_HEAD
Already up to date.
---- Wed Aug  6 12:15:01 PM UTC 2025 ----
From github.com:Zlodim89/DRP_repo
 * branch            master     -> FETCH_HEAD
Already up to date.
---- Wed Aug  6 12:20:01 PM UTC 2025 ----
From github.com:Zlodim89/DRP_repo
 * branch            master     -> FETCH_HEAD
Already up to date.
---- Wed Aug  6 12:25:01 PM UTC 2025 ----
From github.com:Zlodim89/DRP_repo
 * branch            master     -> FETCH_HEAD
Already up to date.
---- Wed Aug  6 12:30:01 PM UTC 2025 ----
From github.com:Zlodim89/DRP_repo
 * branch            master     -> FETCH_HEAD
Already up to date.
---- Wed Aug  6 12:35:01 PM UTC 2025 ----
From github.com:Zlodim89/DRP_repo
 * branch            master     -> FETCH_HEAD
Already up to date.
---- Wed Aug  6 12:40:01 PM UTC 2025 ----
From github.com:Zlodim89/DRP_repo
 * branch            master     -> FETCH_HEAD
Already up to date.
---- Wed Aug  6 12:45:01 PM UTC 2025 ----
From github.com:Zlodim89/DRP_repo
 * branch            master     -> FETCH_HEAD
Already up to date.
---- Wed Aug  6 12:50:01 PM UTC 2025 ----
From github.com:Zlodim89/DRP_repo
 * branch            master     -> FETCH_HEAD
Already up to date.
---- Wed Aug  6 12:55:01 PM UTC 2025 ----
From github.com:Zlodim89/DRP_repo
 * branch            master     -> FETCH_HEAD
Already up to date.
---- Wed Aug  6 01:00:01 PM UTC 2025 ----
From github.com:Zlodim89/DRP_repo
 * branch            master     -> FETCH_HEAD
Already up to date.
---- Wed Aug  6 01:05:01 PM UTC 2025 ----
From github.com:Zlodim89/DRP_repo
 * branch            master     -> FETCH_HEAD
Already up to date.
---- Wed Aug  6 01:10:01 PM UTC 2025 ----
From github.com:Zlodim89/DRP_repo
 * branch            master     -> FETCH_HEAD
Already up to date.
---- Wed Aug  6 01:15:01 PM UTC 2025 ----
From github.com:Zlodim89/DRP_repo
 * branch            master     -> FETCH_HEAD
Already up to date.
---- Wed Aug  6 01:20:01 PM UTC 2025 ----
From github.com:Zlodim89/DRP_repo
 * branch            master     -> FETCH_HEAD
Already up to date.
---- Wed Aug  6 01:25:01 PM UTC 2025 ----
From github.com:Zlodim89/DRP_repo
 * branch            master     -> FETCH_HEAD
Already up to date.
---- Wed Aug  6 01:30:01 PM UTC 2025 ----
From github.com:Zlodim89/DRP_repo
 * branch            master     -> FETCH_HEAD
Already up to date.
---- Wed Aug  6 01:35:01 PM UTC 2025 ----
From github.com:Zlodim89/DRP_repo
 * branch            master     -> FETCH_HEAD
Already up to date.
---- Wed Aug  6 01:40:01 PM UTC 2025 ----
From github.com:Zlodim89/DRP_repo
 * branch            master     -> FETCH_HEAD
Already up to date.
---- Wed Aug  6 01:45:01 PM UTC 2025 ----
From github.com:Zlodim89/DRP_repo
 * branch            master     -> FETCH_HEAD
Already up to date.
---- Wed Aug  6 01:50:01 PM UTC 2025 ----
From github.com:Zlodim89/DRP_repo
 * branch            master     -> FETCH_HEAD
Already up to date.
---- Wed Aug  6 01:55:01 PM UTC 2025 ----
From github.com:Zlodim89/DRP_repo
 * branch            master     -> FETCH_HEAD
Already up to date.
---- Wed Aug  6 02:00:01 PM UTC 2025 ----
From github.com:Zlodim89/DRP_repo
 * branch            master     -> FETCH_HEAD
Already up to date.
---- Wed Aug  6 02:05:01 PM UTC 2025 ----
From github.com:Zlodim89/DRP_repo
 * branch            master     -> FETCH_HEAD
Already up to date.
---- Wed Aug  6 02:10:01 PM UTC 2025 ----
From github.com:Zlodim89/DRP_repo
 * branch            master     -> FETCH_HEAD
Already up to date.
---- Wed Aug  6 02:15:01 PM UTC 2025 ----
From github.com:Zlodim89/DRP_repo
 * branch            master     -> FETCH_HEAD
Already up to date.
---- Wed Aug  6 02:20:01 PM UTC 2025 ----
From github.com:Zlodim89/DRP_repo
 * branch            master     -> FETCH_HEAD
Already up to date.
---- Wed Aug  6 02:25:01 PM UTC 2025 ----
From github.com:Zlodim89/DRP_repo
 * branch            master     -> FETCH_HEAD
Already up to date.
---- Wed Aug  6 02:30:01 PM UTC 2025 ----
From github.com:Zlodim89/DRP_repo
 * branch            master     -> FETCH_HEAD
Already up to date.
---- Wed Aug  6 03:20:02 PM UTC 2025 ----
From github.com:Zlodim89/DRP_repo
 * branch            master     -> FETCH_HEAD
Already up to date.
---- Wed Aug  6 03:25:01 PM UTC 2025 ----
From github.com:Zlodim89/DRP_repo
 * branch            master     -> FETCH_HEAD
Already up to date.
---- Wed Aug  6 03:30:01 PM UTC 2025 ----
From github.com:Zlodim89/DRP_repo
 * branch            master     -> FETCH_HEAD
Already up to date.
---- Thu Aug  7 03:05:01 PM UTC 2025 ----
From github.com:Zlodim89/DRP_repo
 * branch            master     -> FETCH_HEAD
Already up to date.
---- Thu Aug  7 03:10:01 PM UTC 2025 ----
From github.com:Zlodim89/DRP_repo
 * branch            master     -> FETCH_HEAD
Already up to date.
---- Thu Aug  7 03:15:01 PM UTC 2025 ----
From github.com:Zlodim89/DRP_repo
 * branch            master     -> FETCH_HEAD
Already up to date.
---- Thu Aug  7 03:20:01 PM UTC 2025 ----
From github.com:Zlodim89/DRP_repo
 * branch            master     -> FETCH_HEAD
Already up to date.
---- Thu Aug  7 03:25:01 PM UTC 2025 ----
From github.com:Zlodim89/DRP_repo
 * branch            master     -> FETCH_HEAD
Already up to date.
---- Thu Aug  7 03:30:01 PM UTC 2025 ----
From github.com:Zlodim89/DRP_repo
 * branch            master     -> FETCH_HEAD
Already up to date.
---- Thu Aug  7 03:35:01 PM UTC 2025 ----
From github.com:Zlodim89/DRP_repo
 * branch            master     -> FETCH_HEAD
Already up to date.
---- Thu Aug  7 03:40:01 PM UTC 2025 ----
From github.com:Zlodim89/DRP_repo
 * branch            master     -> FETCH_HEAD
Already up to date.
---- Thu Aug  7 03:45:01 PM UTC 2025 ----
From github.com:Zlodim89/DRP_repo
 * branch            master     -> FETCH_HEAD
Already up to date.
---- Thu Aug  7 03:50:01 PM UTC 2025 ----
From github.com:Zlodim89/DRP_repo
 * branch            master     -> FETCH_HEAD
Already up to date.
---- Thu Aug  7 03:55:01 PM UTC 2025 ----
From github.com:Zlodim89/DRP_repo
 * branch            master     -> FETCH_HEAD
Already up to date.
---- Thu Aug  7 04:00:01 PM UTC 2025 ----
From github.com:Zlodim89/DRP_repo
 * branch            master     -> FETCH_HEAD
Already up to date.
---- Thu Aug  7 04:05:01 PM UTC 2025 ----
From github.com:Zlodim89/DRP_repo
 * branch            master     -> FETCH_HEAD
Already up to date.
---- Thu Aug  7 04:10:01 PM UTC 2025 ----
From github.com:Zlodim89/DRP_repo
 * branch            master     -> FETCH_HEAD
Already up to date.
---- Thu Aug  7 04:15:01 PM UTC 2025 ----
From github.com:Zlodim89/DRP_repo
 * branch            master     -> FETCH_HEAD
Already up to date.
---- Thu Aug  7 04:20:01 PM UTC 2025 ----
From github.com:Zlodim89/DRP_repo
 * branch            master     -> FETCH_HEAD
Already up to date.
---- Thu Aug  7 04:25:01 PM UTC 2025 ----
From github.com:Zlodim89/DRP_repo
 * branch            master     -> FETCH_HEAD
Already up to date.
---- Thu Aug  7 04:30:01 PM UTC 2025 ----
From github.com:Zlodim89/DRP_repo
 * branch            master     -> FETCH_HEAD
Already up to date.
---- Thu Aug  7 04:35:01 PM UTC 2025 ----
From github.com:Zlodim89/DRP_repo
 * branch            master     -> FETCH_HEAD
Already up to date.
---- Thu Aug  7 04:40:01 PM UTC 2025 ----
From github.com:Zlodim89/DRP_repo
 * branch            master     -> FETCH_HEAD
Already up to date.
---- Thu Aug  7 04:45:01 PM UTC 2025 ----
From github.com:Zlodim89/DRP_repo
 * branch            master     -> FETCH_HEAD
Already up to date.
---- Thu Aug  7 04:50:01 PM UTC 2025 ----
From github.com:Zlodim89/DRP_repo
 * branch            master     -> FETCH_HEAD
Already up to date.
---- Thu Aug  7 04:55:01 PM UTC 2025 ----
From github.com:Zlodim89/DRP_repo
 * branch            master     -> FETCH_HEAD
Already up to date.
---- Thu Aug  7 05:00:01 PM UTC 2025 ----
From github.com:Zlodim89/DRP_repo
 * branch            master     -> FETCH_HEAD
Already up to date.
---- Thu Aug  7 05:05:01 PM UTC 2025 ----
From github.com:Zlodim89/DRP_repo
 * branch            master     -> FETCH_HEAD
Already up to date.
---- Thu Aug  7 05:10:02 PM UTC 2025 ----
From github.com:Zlodim89/DRP_repo
 * branch            master     -> FETCH_HEAD
Already up to date.
---- Thu Aug  7 05:15:01 PM UTC 2025 ----
From github.com:Zlodim89/DRP_repo
 * branch            master     -> FETCH_HEAD
Already up to date.
---- Thu Aug  7 05:20:01 PM UTC 2025 ----
From github.com:Zlodim89/DRP_repo
 * branch            master     -> FETCH_HEAD
Already up to date.
---- Thu Aug  7 05:25:01 PM UTC 2025 ----
From github.com:Zlodim89/DRP_repo
 * branch            master     -> FETCH_HEAD
Already up to date.
---- Thu Aug  7 05:30:01 PM UTC 2025 ----
From github.com:Zlodim89/DRP_repo
 * branch            master     -> FETCH_HEAD
Already up to date.
---- Thu Aug  7 05:35:01 PM UTC 2025 ----
From github.com:Zlodim89/DRP_repo
 * branch            master     -> FETCH_HEAD
Already up to date.
---- Thu Aug  7 05:40:01 PM UTC 2025 ----
From github.com:Zlodim89/DRP_repo
 * branch            master     -> FETCH_HEAD
Already up to date.
---- Thu Aug  7 05:45:01 PM UTC 2025 ----
From github.com:Zlodim89/DRP_repo
 * branch            master     -> FETCH_HEAD
Already up to date.
---- Thu Aug  7 05:50:01 PM UTC 2025 ----
From github.com:Zlodim89/DRP_repo
 * branch            master     -> FETCH_HEAD
Already up to date.
---- Thu Aug  7 05:55:01 PM UTC 2025 ----
From github.com:Zlodim89/DRP_repo
 * branch            master     -> FETCH_HEAD
Already up to date.
---- Thu Aug  7 06:00:01 PM UTC 2025 ----
From github.com:Zlodim89/DRP_repo
 * branch            master     -> FETCH_HEAD
Already up to date.
---- Thu Aug  7 06:05:01 PM UTC 2025 ----
From github.com:Zlodim89/DRP_repo
 * branch            master     -> FETCH_HEAD
Already up to date.
---- Thu Aug  7 06:10:01 PM UTC 2025 ----
From github.com:Zlodim89/DRP_repo
 * branch            master     -> FETCH_HEAD
Already up to date.
---- Thu Aug  7 06:15:01 PM UTC 2025 ----
From github.com:Zlodim89/DRP_repo
 * branch            master     -> FETCH_HEAD
Already up to date.
---- Thu Aug  7 06:20:01 PM UTC 2025 ----
From github.com:Zlodim89/DRP_repo
 * branch            master     -> FETCH_HEAD
Already up to date.
---- Thu Aug  7 06:25:01 PM UTC 2025 ----
From github.com:Zlodim89/DRP_repo
 * branch            master     -> FETCH_HEAD
Already up to date.
---- Thu Aug  7 06:30:01 PM UTC 2025 ----
From github.com:Zlodim89/DRP_repo
 * branch            master     -> FETCH_HEAD
Already up to date.
---- Thu Aug  7 06:35:01 PM UTC 2025 ----
From github.com:Zlodim89/DRP_repo
 * branch            master     -> FETCH_HEAD
Already up to date.
---- Thu Aug  7 06:40:01 PM UTC 2025 ----
From github.com:Zlodim89/DRP_repo
 * branch            master     -> FETCH_HEAD
Already up to date.
---- Thu Aug  7 06:45:01 PM UTC 2025 ----
From github.com:Zlodim89/DRP_repo
 * branch            master     -> FETCH_HEAD
Already up to date.
---- Thu Aug  7 06:50:01 PM UTC 2025 ----
From github.com:Zlodim89/DRP_repo
 * branch            master     -> FETCH_HEAD
Already up to date.
---- Thu Aug  7 06:55:01 PM UTC 2025 ----
From github.com:Zlodim89/DRP_repo
 * branch            master     -> FETCH_HEAD
Already up to date.
---- Thu Aug  7 07:00:01 PM UTC 2025 ----
From github.com:Zlodim89/DRP_repo
 * branch            master     -> FETCH_HEAD
Already up to date.
---- Thu Aug  7 07:05:01 PM UTC 2025 ----
From github.com:Zlodim89/DRP_repo
 * branch            master     -> FETCH_HEAD
Already up to date.
---- Thu Aug  7 07:10:01 PM UTC 2025 ----
From github.com:Zlodim89/DRP_repo
 * branch            master     -> FETCH_HEAD
Already up to date.
---- Thu Aug  7 07:15:01 PM UTC 2025 ----
From github.com:Zlodim89/DRP_repo
 * branch            master     -> FETCH_HEAD
Already up to date.
---- Thu Aug  7 07:20:01 PM UTC 2025 ----
From github.com:Zlodim89/DRP_repo
 * branch            master     -> FETCH_HEAD
Already up to date.
---- Thu Aug  7 07:25:01 PM UTC 2025 ----
From github.com:Zlodim89/DRP_repo
 * branch            master     -> FETCH_HEAD
Already up to date.
---- Thu Aug  7 07:30:01 PM UTC 2025 ----
From github.com:Zlodim89/DRP_repo
 * branch            master     -> FETCH_HEAD
Already up to date.
---- Thu Aug  7 07:35:01 PM UTC 2025 ----
From github.com:Zlodim89/DRP_repo
 * branch            master     -> FETCH_HEAD
Already up to date.
---- Thu Aug  7 07:40:01 PM UTC 2025 ----
From github.com:Zlodim89/DRP_repo
 * branch            master     -> FETCH_HEAD
Already up to date.
---- Thu Aug  7 07:45:01 PM UTC 2025 ----
From github.com:Zlodim89/DRP_repo
 * branch            master     -> FETCH_HEAD
Already up to date.
---- Thu Aug  7 07:50:01 PM UTC 2025 ----
From github.com:Zlodim89/DRP_repo
 * branch            master     -> FETCH_HEAD
Already up to date.
---- Thu Aug  7 07:55:01 PM UTC 2025 ----
From github.com:Zlodim89/DRP_repo
 * branch            master     -> FETCH_HEAD
Already up to date.
---- Thu Aug  7 08:00:01 PM UTC 2025 ----
From github.com:Zlodim89/DRP_repo
 * branch            master     -> FETCH_HEAD
Already up to date.
---- Thu Aug  7 08:05:01 PM UTC 2025 ----
From github.com:Zlodim89/DRP_repo
 * branch            master     -> FETCH_HEAD
Already up to date.
---- Thu Aug  7 08:10:01 PM UTC 2025 ----
From github.com:Zlodim89/DRP_repo
 * branch            master     -> FETCH_HEAD
Already up to date.
---- Thu Aug  7 08:15:01 PM UTC 2025 ----
From github.com:Zlodim89/DRP_repo
 * branch            master     -> FETCH_HEAD
Already up to date.
---- Thu Aug  7 08:20:01 PM UTC 2025 ----
From github.com:Zlodim89/DRP_repo
 * branch            master     -> FETCH_HEAD
Already up to date.
---- Thu Aug  7 08:25:01 PM UTC 2025 ----
From github.com:Zlodim89/DRP_repo
 * branch            master     -> FETCH_HEAD
Already up to date.
---- Thu Aug  7 08:30:01 PM UTC 2025 ----
From github.com:Zlodim89/DRP_repo
 * branch            master     -> FETCH_HEAD
Already up to date.
---- Thu Aug  7 08:35:01 PM UTC 2025 ----
From github.com:Zlodim89/DRP_repo
 * branch            master     -> FETCH_HEAD
Already up to date.
---- Thu Aug  7 08:40:01 PM UTC 2025 ----
From github.com:Zlodim89/DRP_repo
 * branch            master     -> FETCH_HEAD
Already up to date.
---- Thu Aug  7 08:45:01 PM UTC 2025 ----
From github.com:Zlodim89/DRP_repo
 * branch            master     -> FETCH_HEAD
Already up to date.
---- Thu Aug  7 08:50:01 PM UTC 2025 ----
From github.com:Zlodim89/DRP_repo
 * branch            master     -> FETCH_HEAD
Already up to date.
---- Thu Aug  7 08:55:01 PM UTC 2025 ----
From github.com:Zlodim89/DRP_repo
 * branch            master     -> FETCH_HEAD
Already up to date.
---- Thu Aug  7 09:00:01 PM UTC 2025 ----
From github.com:Zlodim89/DRP_repo
 * branch            master     -> FETCH_HEAD
Already up to date.
---- Thu Aug  7 09:05:01 PM UTC 2025 ----
From github.com:Zlodim89/DRP_repo
 * branch            master     -> FETCH_HEAD
Already up to date.
---- Thu Aug  7 09:10:01 PM UTC 2025 ----
From github.com:Zlodim89/DRP_repo
 * branch            master     -> FETCH_HEAD
Already up to date.
---- Thu Aug  7 09:15:01 PM UTC 2025 ----
From github.com:Zlodim89/DRP_repo
 * branch            master     -> FETCH_HEAD
Already up to date.
---- Thu Aug  7 09:20:01 PM UTC 2025 ----
From github.com:Zlodim89/DRP_repo
 * branch            master     -> FETCH_HEAD
Already up to date.
---- Thu Aug  7 09:25:01 PM UTC 2025 ----
From github.com:Zlodim89/DRP_repo
 * branch            master     -> FETCH_HEAD
Already up to date.
---- Thu Aug  7 09:30:01 PM UTC 2025 ----
From github.com:Zlodim89/DRP_repo
 * branch            master     -> FETCH_HEAD
Already up to date.
---- Thu Aug  7 09:35:01 PM UTC 2025 ----
From github.com:Zlodim89/DRP_repo
 * branch            master     -> FETCH_HEAD
Already up to date.
---- Thu Aug  7 09:40:01 PM UTC 2025 ----
From github.com:Zlodim89/DRP_repo
 * branch            master     -> FETCH_HEAD
Already up to date.
---- Thu Aug  7 09:45:01 PM UTC 2025 ----
From github.com:Zlodim89/DRP_repo
 * branch            master     -> FETCH_HEAD
Already up to date.
---- Thu Aug  7 09:50:01 PM UTC 2025 ----
From github.com:Zlodim89/DRP_repo
 * branch            master     -> FETCH_HEAD
Already up to date.
---- Thu Aug  7 09:55:01 PM UTC 2025 ----
From github.com:Zlodim89/DRP_repo
 * branch            master     -> FETCH_HEAD
Already up to date.
---- Thu Aug  7 10:00:01 PM UTC 2025 ----
From github.com:Zlodim89/DRP_repo
 * branch            master     -> FETCH_HEAD
Already up to date.
---- Fri Aug  8 10:50:01 AM UTC 2025 ----
From github.com:Zlodim89/DRP_repo
 * branch            master     -> FETCH_HEAD
Already up to date.
---- Fri Aug  8 10:55:01 AM UTC 2025 ----
From github.com:Zlodim89/DRP_repo
 * branch            master     -> FETCH_HEAD
Already up to date.
---- Fri Aug  8 11:00:01 AM UTC 2025 ----
From github.com:Zlodim89/DRP_repo
 * branch            master     -> FETCH_HEAD
Already up to date.
---- Fri Aug  8 11:05:01 AM UTC 2025 ----
From github.com:Zlodim89/DRP_repo
 * branch            master     -> FETCH_HEAD
Already up to date.
---- Fri Aug  8 11:10:01 AM UTC 2025 ----
From github.com:Zlodim89/DRP_repo
 * branch            master     -> FETCH_HEAD
Already up to date.
---- Fri Aug  8 11:15:01 AM UTC 2025 ----
From github.com:Zlodim89/DRP_repo
 * branch            master     -> FETCH_HEAD
Already up to date.
---- Fri Aug  8 11:20:01 AM UTC 2025 ----
From github.com:Zlodim89/DRP_repo
 * branch            master     -> FETCH_HEAD
Already up to date.
---- Fri Aug  8 11:25:01 AM UTC 2025 ----
From github.com:Zlodim89/DRP_repo
 * branch            master     -> FETCH_HEAD
Already up to date.
---- Fri Aug  8 11:30:01 AM UTC 2025 ----
From github.com:Zlodim89/DRP_repo
 * branch            master     -> FETCH_HEAD
Already up to date.
---- Fri Aug  8 11:35:01 AM UTC 2025 ----
From github.com:Zlodim89/DRP_repo
 * branch            master     -> FETCH_HEAD
Already up to date.
---- Fri Aug  8 11:40:01 AM UTC 2025 ----
From github.com:Zlodim89/DRP_repo
 * branch            master     -> FETCH_HEAD
Already up to date.
---- Fri Aug  8 11:45:01 AM UTC 2025 ----
From github.com:Zlodim89/DRP_repo
 * branch            master     -> FETCH_HEAD
Already up to date.
---- Fri Aug  8 11:50:01 AM UTC 2025 ----
From github.com:Zlodim89/DRP_repo
 * branch            master     -> FETCH_HEAD
Already up to date.
---- Fri Aug  8 11:55:01 AM UTC 2025 ----
From github.com:Zlodim89/DRP_repo
 * branch            master     -> FETCH_HEAD
Already up to date.
---- Fri Aug  8 12:00:01 PM UTC 2025 ----
From github.com:Zlodim89/DRP_repo
 * branch            master     -> FETCH_HEAD
Already up to date.
---- Fri Aug  8 12:05:01 PM UTC 2025 ----
From github.com:Zlodim89/DRP_repo
 * branch            master     -> FETCH_HEAD
Already up to date.
---- Fri Aug  8 12:10:01 PM UTC 2025 ----
From github.com:Zlodim89/DRP_repo
 * branch            master     -> FETCH_HEAD
Already up to date.
